[2015-01-05 13:32:30] oro_distribution.INFO: oro/platform updating begin [] []
[2015-01-05 13:32:30] oro_distribution.INFO: Updating composer.json oro/platform : * [] []
[2015-01-05 13:32:30] oro_distribution.INFO: Executing ""/usr/bin/php" "/var/www/oro-academic-project/app/console" cache:clear --no-warmup --env=prod" [] []
[2015-01-05 13:32:31] oro_distribution.INFO: Clearing the cache for the prod environment with debug false
 [] []
[2015-01-05 14:01:31] oro_distribution.INFO: There is no /var/www/oro-academic-project/vendor/oro/platform/update.php file [] []
[2015-01-05 14:01:31] oro_distribution.INFO: Executing ""/usr/bin/php" "/var/www/oro-academic-project/app/console" cache:clear --env=prod" [] []
[2015-01-05 14:01:55] oro_distribution.INFO: Clearing the cache for the prod environment with debug false
 [] []
[2015-01-05 14:01:55] oro_distribution.INFO: Executing ""/usr/bin/php" "/var/www/oro-academic-project/app/console" oro:platform:update --force --env=prod" [] []
[2015-01-05 14:02:28] oro_distribution.INFO: Process migrations...
  > Oro\Bundle\MigrationBundle\Migration\UpdateBundleVersionMigration
  > Oro\Bundle\EntityExtendBundle\Migration\RefreshExtendCacheMigration
  > Oro\Bundle\EntityConfigBundle\Migration\UpdateEntityConfigMigration
  > Oro\Bundle\EntityExtendBundle\Migration\UpdateExtendConfigMigration
  > Oro\Bundle\ActivityListBundle\Migration\ActivityListMigration
  > Oro\Bundle\EntityExtendBundle\Migration\UpdateExtendIndicesMigration
No workflow definitions found.
No process definitions found.
No process triggers found.
Load "Title Templates" from annotations and config files to db
Completed
Installing assets using the hard copy option
Installing assets for Symfony\Bundle\FrameworkBundle into web/bundles/framework
Installing assets for FOS\JsRoutingBundle into web/bundles/fosjsrouting
Installing assets for Nelmio\ApiDocBundle into web/bundles/nelmioapidoc
Installing assets for Genemu\Bundle\FormBundle into web/bundles/genemuform
Installing assets for A2lix\TranslationFormBundle into web/bundles/a2lixtranslationform
Installing assets for Oro\Bundle\UIBundle into web/bundles/oroui
Installing assets for Oro\Bundle\SecurityBundle into web/bundles/orosecurity
Installing assets for Oro\Bundle\EmailBundle into web/bundles/oroemail
Installing assets for Oro\Bundle\AttachmentBundle into web/bundles/oroattachment
Installing assets for Oro\Bundle\UserBundle into web/bundles/orouser
Installing assets for Oro\Bundle\EntityBundle into web/bundles/oroentity
Installing assets for Oro\Bundle\EntityExtendBundle into web/bundles/oroentityextend
Installing assets for Oro\Bundle\IntegrationBundle into web/bundles/orointegration
Installing assets for Ezi\Bundle\IssueBundle into web/bundles/eziissue
Installing assets for JDare\ClankBundle into web/bundles/jdareclank
Installing assets for JMS\JobQueueBundle into web/bundles/jmsjobqueue
Installing assets for Oro\Bundle\ActivityListBundle into web/bundles/oroactivitylist
Installing assets for Oro\Bundle\AddressBundle into web/bundles/oroaddress
Installing assets for Oro\Bundle\CalendarBundle into web/bundles/orocalendar
Installing assets for Oro\Bundle\ChartBundle into web/bundles/orochart
Installing assets for Oro\Bundle\ConfigBundle into web/bundles/oroconfig
Installing assets for Oro\Bundle\CronBundle into web/bundles/orocron
Installing assets for Oro\Bundle\DashboardBundle into web/bundles/orodashboard
Installing assets for Oro\Bundle\DataGridBundle into web/bundles/orodatagrid
Installing assets for Oro\Bundle\DistributionBundle into web/bundles/orodistribution
Installing assets for Oro\Bundle\EmbeddedFormBundle into web/bundles/oroembeddedform
Installing assets for Oro\Bundle\EntityMergeBundle into web/bundles/oroentitymerge
Installing assets for Oro\Bundle\EntityPaginationBundle into web/bundles/oroentitypagination
Installing assets for Oro\Bundle\FilterBundle into web/bundles/orofilter
Installing assets for Oro\Bundle\FormBundle into web/bundles/oroform
Installing assets for Oro\Bundle\ImportExportBundle into web/bundles/oroimportexport
Installing assets for Oro\Bundle\LocaleBundle into web/bundles/orolocale
Installing assets for Oro\Bundle\NoteBundle into web/bundles/oronote
Installing assets for Oro\Bundle\PlatformBundle into web/bundles/oroplatform
Installing assets for Oro\Bundle\QueryDesignerBundle into web/bundles/oroquerydesigner
Installing assets for Oro\Bundle\ReportBundle into web/bundles/ororeport
Installing assets for Oro\Bundle\RequireJSBundle into web/bundles/ororequirejs
Installing assets for Oro\Bundle\SearchBundle into web/bundles/orosearch
Installing assets for Oro\Bundle\SegmentBundle into web/bundles/orosegment
Installing assets for Oro\Bundle\SidebarBundle into web/bundles/orosidebar
Installing assets for Oro\Bundle\SyncBundle into web/bundles/orosync
Installing assets for Oro\Bundle\TagBundle into web/bundles/orotag
Installing assets for Oro\Bundle\TranslationBundle into web/bundles/orotranslation
Installing assets for Oro\Bundle\WindowsBundle into web/bundles/orowindows
Installing assets for Oro\Bundle\WorkflowBundle into web/bundles/oroworkflow
Installing assets for Oro\Bundle\NavigationBundle into web/bundles/oronavigation
Installing assets for Oro\Bundle\TrackingBundle into web/bundles/orotracking
Installing assets for Oro\Bundle\ReminderBundle into web/bundles/ororeminder
Dumping all prod assets.
Debug mode is off.

14:02:06 [file+] /var/www/oro-academic-project/app/../web/js/7946a9a.js
14:02:06 [file+] /var/www/oro-academic-project/app/../web/css/oro.css
Dumping exposed routes.

[file+] web/js/routes.js
14:02:10 [file+] oro.locale_data.js
Generating require.js main config
Generating require.js build config
Running code optimizer
Cleaning up
14:02:28 [file+] /var/www/oro-academic-project/web/js/oro.min.js
 [] []
[2015-01-05 14:02:28] oro_distribution.INFO: Executing ""/usr/bin/php" "/var/www/oro-academic-project/app/dist" cache:clear --no-warmup --env=prod" [] []
[2015-01-05 14:02:29] oro_distribution.INFO: Clearing the cache for the prod environment with debug false
 [] []
[2015-01-05 14:02:29] oro_distribution.INFO: Updating composer.json oro/platform : 1.5.1 [] []
[2015-01-05 14:02:29] oro_distribution.INFO: oro/platform updated [] []
